<?xml version="1.0" encoding="UTF-8"?>
<!-- Generated by org.testng.reporters.JUnitReportReporter -->
<testsuite skipped="0" hostname="LAPTOP-FUHAVA51" name="testNG.Testing" tests="2" failures="0" timestamp="2020-09-20T11:47:57 IST" time="0.009" errors="0">
  <testcase name="correction" time="0.008" classname="testNG.Testing"/>
  <system-out/>
  <testcase name="wrong" time="0.001" classname="testNG.Testing"/>
  <system-out/>
</testsuite> <!-- testNG.Testing -->
