<?xml version="1.0" encoding="UTF-8"?>
<!-- Generated by org.testng.reporters.JUnitReportReporter -->
<testsuite skipped="0" hostname="LAPTOP-FUHAVA51" name="testNG.Tester" tests="1" failures="0" timestamp="2020-06-17T20:27:02 IST" time="0.158" errors="0">
  <testcase name="first" time="0.158" classname="testNG.Tester"/>
  <system-out/>
</testsuite> <!-- testNG.Tester -->
